#! /usr/bin/vvp
:ivl_version "11.0 (stable)";
:ivl_delay_selection "TYPICAL";
:vpi_time_precision - 9;
:vpi_module "/usr/lib/x86_64-linux-gnu/ivl/system.vpi";
:vpi_module "/usr/lib/x86_64-linux-gnu/ivl/vhdl_sys.vpi";
:vpi_module "/usr/lib/x86_64-linux-gnu/ivl/vhdl_textio.vpi";
:vpi_module "/usr/lib/x86_64-linux-gnu/ivl/v2005_math.vpi";
:vpi_module "/usr/lib/x86_64-linux-gnu/ivl/va_math.vpi";
S_0x5649cd2c8cf0 .scope module, "multiplier2bit_tb" "multiplier2bit_tb" 2 4;
 .timescale -9 -9;
v0x5649cd326d30_0 .var "Cin", 0 0;
v0x5649cd326e40_0 .net "Cout", 0 0, L_0x5649cd328d00;  1 drivers
v0x5649cd326f50_0 .var "a", 1 0;
v0x5649cd326ff0_0 .var "b", 1 0;
v0x5649cd327090_0 .net "p", 3 0, L_0x5649cd3290f0;  1 drivers
S_0x5649cd2c8e80 .scope module, "ex2" "multiplier2bit" 2 12, 3 1 0, S_0x5649cd2c8cf0;
 .timescale -9 -9;
    .port_info 0 /INPUT 2 "a";
    .port_info 1 /INPUT 2 "b";
    .port_info 2 /OUTPUT 4 "p";
    .port_info 3 /INPUT 1 "Cin";
    .port_info 4 /OUTPUT 1 "Cout";
L_0x5649cd327360 .functor AND 1, L_0x5649cd327180, L_0x5649cd327270, C4<1>, C4<1>;
L_0x5649cd3275e0 .functor AND 1, L_0x5649cd327470, L_0x5649cd327510, C4<1>, C4<1>;
L_0x5649cd327a70 .functor AND 1, L_0x5649cd327860, L_0x5649cd327940, C4<1>, C4<1>;
L_0x5649cd327df0 .functor AND 1, L_0x5649cd327c20, L_0x5649cd327cc0, C4<1>, C4<1>;
L_0x5649cd3287b0 .functor BUFZ 1, L_0x5649cd328d00, C4<0>, C4<0>, C4<0>;
v0x5649cd325960_0 .net "Cin", 0 0, v0x5649cd326d30_0;  1 drivers
v0x5649cd325a20_0 .net "Cout", 0 0, L_0x5649cd328d00;  alias, 1 drivers
v0x5649cd325af0_0 .net *"_ivl_11", 0 0, L_0x5649cd327470;  1 drivers
v0x5649cd325bc0_0 .net *"_ivl_13", 0 0, L_0x5649cd327510;  1 drivers
v0x5649cd325c80_0 .net *"_ivl_14", 0 0, L_0x5649cd3275e0;  1 drivers
L_0x7f0a13c52018 .functor BUFT 1, C4<0>, C4<0>, C4<0>, C4<0>;
v0x5649cd325d60_0 .net/2s *"_ivl_19", 0 0, L_0x7f0a13c52018;  1 drivers
v0x5649cd325e40_0 .net *"_ivl_24", 0 0, L_0x5649cd327860;  1 drivers
v0x5649cd325f20_0 .net *"_ivl_26", 0 0, L_0x5649cd327940;  1 drivers
v0x5649cd326000_0 .net *"_ivl_27", 0 0, L_0x5649cd327a70;  1 drivers
v0x5649cd326170_0 .net *"_ivl_3", 0 0, L_0x5649cd327180;  1 drivers
v0x5649cd326250_0 .net *"_ivl_33", 0 0, L_0x5649cd327c20;  1 drivers
v0x5649cd326330_0 .net *"_ivl_35", 0 0, L_0x5649cd327cc0;  1 drivers
v0x5649cd326410_0 .net *"_ivl_36", 0 0, L_0x5649cd327df0;  1 drivers
v0x5649cd3264f0_0 .net *"_ivl_5", 0 0, L_0x5649cd327270;  1 drivers
v0x5649cd3265d0_0 .net *"_ivl_54", 0 0, L_0x5649cd3287b0;  1 drivers
v0x5649cd3266b0_0 .net *"_ivl_6", 0 0, L_0x5649cd327360;  1 drivers
v0x5649cd326790_0 .net "a", 1 0, v0x5649cd326f50_0;  1 drivers
v0x5649cd326870_0 .net "b", 1 0, v0x5649cd326ff0_0;  1 drivers
v0x5649cd326950_0 .net "c1", 0 0, L_0x5649cd328440;  1 drivers
v0x5649cd3269f0_0 .net "p", 3 0, L_0x5649cd3290f0;  alias, 1 drivers
v0x5649cd326ad0_0 .net "x", 1 0, L_0x5649cd327720;  1 drivers
v0x5649cd326bb0_0 .net "y", 1 0, L_0x5649cd327ae0;  1 drivers
L_0x5649cd327180 .part v0x5649cd326f50_0, 0, 1;
L_0x5649cd327270 .part v0x5649cd326ff0_0, 0, 1;
L_0x5649cd327470 .part v0x5649cd326f50_0, 1, 1;
L_0x5649cd327510 .part v0x5649cd326ff0_0, 0, 1;
L_0x5649cd327720 .concat8 [ 1 1 0 0], L_0x5649cd3275e0, L_0x7f0a13c52018;
L_0x5649cd327860 .part v0x5649cd326f50_0, 0, 1;
L_0x5649cd327940 .part v0x5649cd326ff0_0, 1, 1;
L_0x5649cd327ae0 .concat8 [ 1 1 0 0], L_0x5649cd327a70, L_0x5649cd327df0;
L_0x5649cd327c20 .part v0x5649cd326f50_0, 1, 1;
L_0x5649cd327cc0 .part v0x5649cd326ff0_0, 1, 1;
L_0x5649cd328550 .part L_0x5649cd327720, 0, 1;
L_0x5649cd328680 .part L_0x5649cd327ae0, 0, 1;
L_0x5649cd328e10 .part L_0x5649cd327720, 1, 1;
L_0x5649cd328f40 .part L_0x5649cd327ae0, 1, 1;
L_0x5649cd3290f0 .concat8 [ 1 1 1 1], L_0x5649cd327360, L_0x5649cd327fa0, L_0x5649cd328890, L_0x5649cd3287b0;
S_0x5649cd306960 .scope module, "stage0" "fulladd" 3 13, 3 18 0, S_0x5649cd2c8e80;
 .timescale -9 -9;
    .port_info 0 /INPUT 1 "Cin";
    .port_info 1 /INPUT 1 "x";
    .port_info 2 /INPUT 1 "y";
    .port_info 3 /OUTPUT 1 "s";
    .port_info 4 /OUTPUT 1 "Cout";
L_0x5649cd327f30 .functor XOR 1, L_0x5649cd328550, L_0x5649cd328680, C4<0>, C4<0>;
L_0x5649cd327fa0 .functor XOR 1, L_0x5649cd327f30, v0x5649cd326d30_0, C4<0>, C4<0>;
L_0x5649cd328090 .functor AND 1, L_0x5649cd328550, L_0x5649cd328680, C4<1>, C4<1>;
L_0x5649cd3281a0 .functor AND 1, L_0x5649cd328550, v0x5649cd326d30_0, C4<1>, C4<1>;
L_0x5649cd3282d0 .functor OR 1, L_0x5649cd328090, L_0x5649cd3281a0, C4<0>, C4<0>;
L_0x5649cd328390 .functor AND 1, L_0x5649cd328680, v0x5649cd326d30_0, C4<1>, C4<1>;
L_0x5649cd328440 .functor OR 1, L_0x5649cd3282d0, L_0x5649cd328390, C4<0>, C4<0>;
v0x5649cd2f99c0_0 .net "Cin", 0 0, v0x5649cd326d30_0;  alias, 1 drivers
v0x5649cd2f9790_0 .net "Cout", 0 0, L_0x5649cd328440;  alias, 1 drivers
v0x5649cd2f6f60_0 .net *"_ivl_0", 0 0, L_0x5649cd327f30;  1 drivers
v0x5649cd2f08d0_0 .net *"_ivl_10", 0 0, L_0x5649cd328390;  1 drivers
v0x5649cd324930_0 .net *"_ivl_4", 0 0, L_0x5649cd328090;  1 drivers
v0x5649cd324a60_0 .net *"_ivl_6", 0 0, L_0x5649cd3281a0;  1 drivers
v0x5649cd324b40_0 .net *"_ivl_8", 0 0, L_0x5649cd3282d0;  1 drivers
v0x5649cd324c20_0 .net "s", 0 0, L_0x5649cd327fa0;  1 drivers
v0x5649cd324ce0_0 .net "x", 0 0, L_0x5649cd328550;  1 drivers
v0x5649cd324da0_0 .net "y", 0 0, L_0x5649cd328680;  1 drivers
S_0x5649cd324f00 .scope module, "stage1" "fulladd" 3 14, 3 18 0, S_0x5649cd2c8e80;
 .timescale -9 -9;
    .port_info 0 /INPUT 1 "Cin";
    .port_info 1 /INPUT 1 "x";
    .port_info 2 /INPUT 1 "y";
    .port_info 3 /OUTPUT 1 "s";
    .port_info 4 /OUTPUT 1 "Cout";
L_0x5649cd328820 .functor XOR 1, L_0x5649cd328e10, L_0x5649cd328f40, C4<0>, C4<0>;
L_0x5649cd328890 .functor XOR 1, L_0x5649cd328820, L_0x5649cd328440, C4<0>, C4<0>;
L_0x5649cd3289e0 .functor AND 1, L_0x5649cd328e10, L_0x5649cd328f40, C4<1>, C4<1>;
L_0x5649cd328aa0 .functor AND 1, L_0x5649cd328e10, L_0x5649cd328440, C4<1>, C4<1>;
L_0x5649cd328b40 .functor OR 1, L_0x5649cd3289e0, L_0x5649cd328aa0, C4<0>, C4<0>;
L_0x5649cd328c50 .functor AND 1, L_0x5649cd328f40, L_0x5649cd328440, C4<1>, C4<1>;
L_0x5649cd328d00 .functor OR 1, L_0x5649cd328b40, L_0x5649cd328c50, C4<0>, C4<0>;
v0x5649cd3250b0_0 .net "Cin", 0 0, L_0x5649cd328440;  alias, 1 drivers
v0x5649cd325150_0 .net "Cout", 0 0, L_0x5649cd328d00;  alias, 1 drivers
v0x5649cd3251f0_0 .net *"_ivl_0", 0 0, L_0x5649cd328820;  1 drivers
v0x5649cd3252b0_0 .net *"_ivl_10", 0 0, L_0x5649cd328c50;  1 drivers
v0x5649cd325390_0 .net *"_ivl_4", 0 0, L_0x5649cd3289e0;  1 drivers
v0x5649cd3254c0_0 .net *"_ivl_6", 0 0, L_0x5649cd328aa0;  1 drivers
v0x5649cd3255a0_0 .net *"_ivl_8", 0 0, L_0x5649cd328b40;  1 drivers
v0x5649cd325680_0 .net "s", 0 0, L_0x5649cd328890;  1 drivers
v0x5649cd325740_0 .net "x", 0 0, L_0x5649cd328e10;  1 drivers
v0x5649cd325800_0 .net "y", 0 0, L_0x5649cd328f40;  1 drivers
    .scope S_0x5649cd2c8cf0;
T_0 ;
    %vpi_call 2 15 "$dumpfile", "multiplier2bit.vcd" {0 0 0};
    %vpi_call 2 16 "$dumpvars", 32'sb00000000000000000000000000000000, S_0x5649cd2c8cf0 {0 0 0};
    %pushi/vec4 0, 0, 2;
    %store/vec4 v0x5649cd326f50_0, 0, 2;
    %pushi/vec4 0, 0, 2;
    %store/vec4 v0x5649cd326ff0_0, 0, 2;
    %pushi/vec4 0, 0, 1;
    %store/vec4 v0x5649cd326d30_0, 0, 1;
    %delay 20, 0;
    %pushi/vec4 0, 0, 2;
    %store/vec4 v0x5649cd326f50_0, 0, 2;
    %pushi/vec4 2, 0, 2;
    %store/vec4 v0x5649cd326ff0_0, 0, 2;
    %pushi/vec4 1, 0, 1;
    %store/vec4 v0x5649cd326d30_0, 0, 1;
    %delay 20, 0;
    %pushi/vec4 1, 0, 2;
    %store/vec4 v0x5649cd326f50_0, 0, 2;
    %pushi/vec4 2, 0, 2;
    %store/vec4 v0x5649cd326ff0_0, 0, 2;
    %pushi/vec4 0, 0, 1;
    %store/vec4 v0x5649cd326d30_0, 0, 1;
    %delay 20, 0;
    %pushi/vec4 2, 0, 2;
    %store/vec4 v0x5649cd326f50_0, 0, 2;
    %pushi/vec4 0, 0, 2;
    %store/vec4 v0x5649cd326ff0_0, 0, 2;
    %pushi/vec4 0, 0, 1;
    %store/vec4 v0x5649cd326d30_0, 0, 1;
    %delay 20, 0;
    %pushi/vec4 1, 0, 2;
    %store/vec4 v0x5649cd326f50_0, 0, 2;
    %pushi/vec4 2, 0, 2;
    %store/vec4 v0x5649cd326ff0_0, 0, 2;
    %pushi/vec4 1, 0, 1;
    %store/vec4 v0x5649cd326d30_0, 0, 1;
    %delay 20, 0;
    %vpi_call 2 25 "$display", "Test complete" {0 0 0};
    %end;
    .thread T_0;
# The file index is used to find the file name in the following table.
:file_names 4;
    "N/A";
    "<interactive>";
    "multiplier2bit_tb.v";
    "./multiplier2bit.v";
