#! /usr/bin/vvp
:ivl_version "11.0 (stable)";
:ivl_delay_selection "TYPICAL";
:vpi_time_precision - 9;
:vpi_module "/usr/lib/x86_64-linux-gnu/ivl/system.vpi";
:vpi_module "/usr/lib/x86_64-linux-gnu/ivl/vhdl_sys.vpi";
:vpi_module "/usr/lib/x86_64-linux-gnu/ivl/vhdl_textio.vpi";
:vpi_module "/usr/lib/x86_64-linux-gnu/ivl/v2005_math.vpi";
:vpi_module "/usr/lib/x86_64-linux-gnu/ivl/va_math.vpi";
S_0x556385a0a0e0 .scope module, "bcd_tb" "bcd_tb" 2 4;
 .timescale -9 -9;
v0x556385a331f0_0 .var "cin", 0 0;
v0x556385a332b0_0 .net "s0", 0 0, L_0x556385a35450;  1 drivers
v0x556385a33370_0 .net "s1", 0 0, L_0x556385a35b00;  1 drivers
v0x556385a33410_0 .net "s2", 0 0, L_0x556385a362c0;  1 drivers
v0x556385a334b0_0 .net "s3", 0 0, L_0x556385a369b0;  1 drivers
v0x556385a335a0_0 .var "x0", 0 0;
v0x556385a33640_0 .var "x1", 0 0;
v0x556385a336e0_0 .var "x2", 0 0;
v0x556385a33780_0 .var "x3", 0 0;
v0x556385a33820_0 .var "y0", 0 0;
v0x556385a338c0_0 .var "y1", 0 0;
v0x556385a33960_0 .var "y2", 0 0;
v0x556385a33a00_0 .var "y3", 0 0;
S_0x556385a08380 .scope module, "fbas" "bcd" 2 8, 3 1 0, S_0x556385a0a0e0;
 .timescale -9 -9;
    .port_info 0 /INPUT 1 "x0";
    .port_info 1 /INPUT 1 "x1";
    .port_info 2 /INPUT 1 "x2";
    .port_info 3 /INPUT 1 "x3";
    .port_info 4 /INPUT 1 "y0";
    .port_info 5 /INPUT 1 "y1";
    .port_info 6 /INPUT 1 "y2";
    .port_info 7 /INPUT 1 "y3";
    .port_info 8 /INPUT 1 "cin";
    .port_info 9 /OUTPUT 1 "s0";
    .port_info 10 /OUTPUT 1 "s1";
    .port_info 11 /OUTPUT 1 "s2";
    .port_info 12 /OUTPUT 1 "s3";
L_0x556385a35140 .functor AND 1, L_0x556385a34cf0, L_0x556385a34710, C4<1>, C4<1>;
L_0x556385a351b0 .functor AND 1, L_0x556385a34cf0, L_0x556385a34130, C4<1>, C4<1>;
L_0x556385a35240 .functor OR 1, L_0x556385a35030, L_0x556385a35140, L_0x556385a351b0, C4<0>;
v0x556385a31b50_0 .net "c", 0 0, L_0x556385a36d40;  1 drivers
v0x556385a31c60_0 .net "cin", 0 0, v0x556385a331f0_0;  1 drivers
v0x556385a31d70_0 .net "co", 0 0, L_0x556385a35240;  1 drivers
v0x556385a31e10_0 .net "cout", 0 0, L_0x556385a35030;  1 drivers
v0x556385a31eb0_0 .net "s0", 0 0, L_0x556385a35450;  alias, 1 drivers
v0x556385a31ff0_0 .net "s1", 0 0, L_0x556385a35b00;  alias, 1 drivers
v0x556385a320e0_0 .net "s2", 0 0, L_0x556385a362c0;  alias, 1 drivers
v0x556385a321d0_0 .net "s3", 0 0, L_0x556385a369b0;  alias, 1 drivers
v0x556385a322c0_0 .net "st0", 0 0, L_0x556385a33bc0;  1 drivers
v0x556385a32480_0 .net "st1", 0 0, L_0x556385a34130;  1 drivers
v0x556385a325b0_0 .net "st2", 0 0, L_0x556385a34710;  1 drivers
v0x556385a326e0_0 .net "st3", 0 0, L_0x556385a34cf0;  1 drivers
v0x556385a32810_0 .net "t1", 0 0, L_0x556385a35140;  1 drivers
v0x556385a328b0_0 .net "t2", 0 0, L_0x556385a351b0;  1 drivers
v0x556385a32950_0 .net "x0", 0 0, v0x556385a335a0_0;  1 drivers
v0x556385a329f0_0 .net "x1", 0 0, v0x556385a33640_0;  1 drivers
v0x556385a32a90_0 .net "x2", 0 0, v0x556385a336e0_0;  1 drivers
v0x556385a32c40_0 .net "x3", 0 0, v0x556385a33780_0;  1 drivers
v0x556385a32ce0_0 .net "y0", 0 0, v0x556385a33820_0;  1 drivers
v0x556385a32d80_0 .net "y1", 0 0, v0x556385a338c0_0;  1 drivers
v0x556385a32e70_0 .net "y2", 0 0, v0x556385a33960_0;  1 drivers
v0x556385a32f60_0 .net "y3", 0 0, v0x556385a33a00_0;  1 drivers
S_0x556385a06620 .scope module, "stage0" "fbAdd" 3 5, 3 14 0, S_0x556385a08380;
 .timescale -9 -9;
    .port_info 0 /INPUT 1 "x0";
    .port_info 1 /INPUT 1 "x1";
    .port_info 2 /INPUT 1 "x2";
    .port_info 3 /INPUT 1 "x3";
    .port_info 4 /INPUT 1 "y0";
    .port_info 5 /INPUT 1 "y1";
    .port_info 6 /INPUT 1 "y2";
    .port_info 7 /INPUT 1 "y3";
    .port_info 8 /INPUT 1 "cin";
    .port_info 9 /OUTPUT 1 "s0";
    .port_info 10 /OUTPUT 1 "s1";
    .port_info 11 /OUTPUT 1 "s2";
    .port_info 12 /OUTPUT 1 "s3";
    .port_info 13 /OUTPUT 1 "cout";
v0x556385a2cdf0_0 .net "c1", 0 0, L_0x556385a33ee0;  1 drivers
v0x556385a2ceb0_0 .net "c2", 0 0, L_0x556385a34470;  1 drivers
v0x556385a2cfc0_0 .net "c3", 0 0, L_0x556385a34a50;  1 drivers
v0x556385a2d0b0_0 .net "cin", 0 0, v0x556385a331f0_0;  alias, 1 drivers
v0x556385a2d150_0 .net "cout", 0 0, L_0x556385a35030;  alias, 1 drivers
v0x556385a2d240_0 .net "s0", 0 0, L_0x556385a33bc0;  alias, 1 drivers
v0x556385a2d2e0_0 .net "s1", 0 0, L_0x556385a34130;  alias, 1 drivers
v0x556385a2d380_0 .net "s2", 0 0, L_0x556385a34710;  alias, 1 drivers
v0x556385a2d450_0 .net "s3", 0 0, L_0x556385a34cf0;  alias, 1 drivers
v0x556385a2d5b0_0 .net "x0", 0 0, v0x556385a335a0_0;  alias, 1 drivers
v0x556385a2d680_0 .net "x1", 0 0, v0x556385a33640_0;  alias, 1 drivers
v0x556385a2d750_0 .net "x2", 0 0, v0x556385a336e0_0;  alias, 1 drivers
v0x556385a2d820_0 .net "x3", 0 0, v0x556385a33780_0;  alias, 1 drivers
v0x556385a2d8f0_0 .net "y0", 0 0, v0x556385a33820_0;  alias, 1 drivers
v0x556385a2d9c0_0 .net "y1", 0 0, v0x556385a338c0_0;  alias, 1 drivers
v0x556385a2da90_0 .net "y2", 0 0, v0x556385a33960_0;  alias, 1 drivers
v0x556385a2db60_0 .net "y3", 0 0, v0x556385a33a00_0;  alias, 1 drivers
S_0x556385a04890 .scope module, "stage0" "fa" 3 18, 3 25 0, S_0x556385a06620;
 .timescale -9 -9;
    .port_info 0 /INPUT 1 "a";
    .port_info 1 /INPUT 1 "b";
    .port_info 2 /INPUT 1 "cin";
    .port_info 3 /OUTPUT 1 "s";
    .port_info 4 /OUTPUT 1 "cout";
L_0x5563859f1dc0 .functor XOR 1, v0x556385a335a0_0, v0x556385a33820_0, C4<0>, C4<0>;
L_0x556385a33bc0 .functor XOR 1, L_0x5563859f1dc0, v0x556385a331f0_0, C4<0>, C4<0>;
L_0x556385a33cc0 .functor AND 1, v0x556385a335a0_0, v0x556385a33820_0, C4<1>, C4<1>;
L_0x556385a33d50 .functor AND 1, v0x556385a335a0_0, v0x556385a331f0_0, C4<1>, C4<1>;
L_0x556385a33dc0 .functor OR 1, L_0x556385a33cc0, L_0x556385a33d50, C4<0>, C4<0>;
L_0x556385a33e30 .functor AND 1, v0x556385a33820_0, v0x556385a331f0_0, C4<1>, C4<1>;
L_0x556385a33ee0 .functor OR 1, L_0x556385a33dc0, L_0x556385a33e30, C4<0>, C4<0>;
v0x556385a0a7e0_0 .net *"_ivl_0", 0 0, L_0x5563859f1dc0;  1 drivers
v0x556385a2a380_0 .net *"_ivl_10", 0 0, L_0x556385a33e30;  1 drivers
v0x556385a2a460_0 .net *"_ivl_4", 0 0, L_0x556385a33cc0;  1 drivers
v0x556385a2a520_0 .net *"_ivl_6", 0 0, L_0x556385a33d50;  1 drivers
v0x556385a2a600_0 .net *"_ivl_8", 0 0, L_0x556385a33dc0;  1 drivers
v0x556385a2a730_0 .net "a", 0 0, v0x556385a335a0_0;  alias, 1 drivers
v0x556385a2a7f0_0 .net "b", 0 0, v0x556385a33820_0;  alias, 1 drivers
v0x556385a2a8b0_0 .net "cin", 0 0, v0x556385a331f0_0;  alias, 1 drivers
v0x556385a2a970_0 .net "cout", 0 0, L_0x556385a33ee0;  alias, 1 drivers
v0x556385a2aa30_0 .net "s", 0 0, L_0x556385a33bc0;  alias, 1 drivers
S_0x556385a2ab90 .scope module, "stage1" "fa" 3 19, 3 25 0, S_0x556385a06620;
 .timescale -9 -9;
    .port_info 0 /INPUT 1 "a";
    .port_info 1 /INPUT 1 "b";
    .port_info 2 /INPUT 1 "cin";
    .port_info 3 /OUTPUT 1 "s";
    .port_info 4 /OUTPUT 1 "cout";
L_0x556385a33fa0 .functor XOR 1, v0x556385a33640_0, v0x556385a338c0_0, C4<0>, C4<0>;
L_0x556385a34130 .functor XOR 1, L_0x556385a33fa0, L_0x556385a33ee0, C4<0>, C4<0>;
L_0x556385a34250 .functor AND 1, v0x556385a33640_0, v0x556385a338c0_0, C4<1>, C4<1>;
L_0x556385a342e0 .functor AND 1, v0x556385a33640_0, L_0x556385a33ee0, C4<1>, C4<1>;
L_0x556385a34350 .functor OR 1, L_0x556385a34250, L_0x556385a342e0, C4<0>, C4<0>;
L_0x556385a343c0 .functor AND 1, v0x556385a338c0_0, L_0x556385a33ee0, C4<1>, C4<1>;
L_0x556385a34470 .functor OR 1, L_0x556385a34350, L_0x556385a343c0, C4<0>, C4<0>;
v0x556385a2adc0_0 .net *"_ivl_0", 0 0, L_0x556385a33fa0;  1 drivers
v0x556385a2aea0_0 .net *"_ivl_10", 0 0, L_0x556385a343c0;  1 drivers
v0x556385a2af80_0 .net *"_ivl_4", 0 0, L_0x556385a34250;  1 drivers
v0x556385a2b040_0 .net *"_ivl_6", 0 0, L_0x556385a342e0;  1 drivers
v0x556385a2b120_0 .net *"_ivl_8", 0 0, L_0x556385a34350;  1 drivers
v0x556385a2b250_0 .net "a", 0 0, v0x556385a33640_0;  alias, 1 drivers
v0x556385a2b310_0 .net "b", 0 0, v0x556385a338c0_0;  alias, 1 drivers
v0x556385a2b3d0_0 .net "cin", 0 0, L_0x556385a33ee0;  alias, 1 drivers
v0x556385a2b470_0 .net "cout", 0 0, L_0x556385a34470;  alias, 1 drivers
v0x556385a2b510_0 .net "s", 0 0, L_0x556385a34130;  alias, 1 drivers
S_0x556385a2b670 .scope module, "stage2" "fa" 3 20, 3 25 0, S_0x556385a06620;
 .timescale -9 -9;
    .port_info 0 /INPUT 1 "a";
    .port_info 1 /INPUT 1 "b";
    .port_info 2 /INPUT 1 "cin";
    .port_info 3 /OUTPUT 1 "s";
    .port_info 4 /OUTPUT 1 "cout";
L_0x556385a34580 .functor XOR 1, v0x556385a336e0_0, v0x556385a33960_0, C4<0>, C4<0>;
L_0x556385a34710 .functor XOR 1, L_0x556385a34580, L_0x556385a34470, C4<0>, C4<0>;
L_0x556385a34830 .functor AND 1, v0x556385a336e0_0, v0x556385a33960_0, C4<1>, C4<1>;
L_0x556385a348c0 .functor AND 1, v0x556385a336e0_0, L_0x556385a34470, C4<1>, C4<1>;
L_0x556385a34930 .functor OR 1, L_0x556385a34830, L_0x556385a348c0, C4<0>, C4<0>;
L_0x556385a349a0 .functor AND 1, v0x556385a33960_0, L_0x556385a34470, C4<1>, C4<1>;
L_0x556385a34a50 .functor OR 1, L_0x556385a34930, L_0x556385a349a0, C4<0>, C4<0>;
v0x556385a2b880_0 .net *"_ivl_0", 0 0, L_0x556385a34580;  1 drivers
v0x556385a2b960_0 .net *"_ivl_10", 0 0, L_0x556385a349a0;  1 drivers
v0x556385a2ba40_0 .net *"_ivl_4", 0 0, L_0x556385a34830;  1 drivers
v0x556385a2bb30_0 .net *"_ivl_6", 0 0, L_0x556385a348c0;  1 drivers
v0x556385a2bc10_0 .net *"_ivl_8", 0 0, L_0x556385a34930;  1 drivers
v0x556385a2bd40_0 .net "a", 0 0, v0x556385a336e0_0;  alias, 1 drivers
v0x556385a2be00_0 .net "b", 0 0, v0x556385a33960_0;  alias, 1 drivers
v0x556385a2bec0_0 .net "cin", 0 0, L_0x556385a34470;  alias, 1 drivers
v0x556385a2bf60_0 .net "cout", 0 0, L_0x556385a34a50;  alias, 1 drivers
v0x556385a2c090_0 .net "s", 0 0, L_0x556385a34710;  alias, 1 drivers
S_0x556385a2c220 .scope module, "stage3" "fa" 3 21, 3 25 0, S_0x556385a06620;
 .timescale -9 -9;
    .port_info 0 /INPUT 1 "a";
    .port_info 1 /INPUT 1 "b";
    .port_info 2 /INPUT 1 "cin";
    .port_info 3 /OUTPUT 1 "s";
    .port_info 4 /OUTPUT 1 "cout";
L_0x556385a34b60 .functor XOR 1, v0x556385a33780_0, v0x556385a33a00_0, C4<0>, C4<0>;
L_0x556385a34cf0 .functor XOR 1, L_0x556385a34b60, L_0x556385a34a50, C4<0>, C4<0>;
L_0x556385a34e10 .functor AND 1, v0x556385a33780_0, v0x556385a33a00_0, C4<1>, C4<1>;
L_0x556385a34ea0 .functor AND 1, v0x556385a33780_0, L_0x556385a34a50, C4<1>, C4<1>;
L_0x556385a34f10 .functor OR 1, L_0x556385a34e10, L_0x556385a34ea0, C4<0>, C4<0>;
L_0x556385a34f80 .functor AND 1, v0x556385a33a00_0, L_0x556385a34a50, C4<1>, C4<1>;
L_0x556385a35030 .functor OR 1, L_0x556385a34f10, L_0x556385a34f80, C4<0>, C4<0>;
v0x556385a2c430_0 .net *"_ivl_0", 0 0, L_0x556385a34b60;  1 drivers
v0x556385a2c530_0 .net *"_ivl_10", 0 0, L_0x556385a34f80;  1 drivers
v0x556385a2c610_0 .net *"_ivl_4", 0 0, L_0x556385a34e10;  1 drivers
v0x556385a2c700_0 .net *"_ivl_6", 0 0, L_0x556385a34ea0;  1 drivers
v0x556385a2c7e0_0 .net *"_ivl_8", 0 0, L_0x556385a34f10;  1 drivers
v0x556385a2c910_0 .net "a", 0 0, v0x556385a33780_0;  alias, 1 drivers
v0x556385a2c9d0_0 .net "b", 0 0, v0x556385a33a00_0;  alias, 1 drivers
v0x556385a2ca90_0 .net "cin", 0 0, L_0x556385a34a50;  alias, 1 drivers
v0x556385a2cb30_0 .net "cout", 0 0, L_0x556385a35030;  alias, 1 drivers
v0x556385a2cc60_0 .net "s", 0 0, L_0x556385a34cf0;  alias, 1 drivers
S_0x556385a2dcb0 .scope module, "stage1" "fbAdd" 3 10, 3 14 0, S_0x556385a08380;
 .timescale -9 -9;
    .port_info 0 /INPUT 1 "x0";
    .port_info 1 /INPUT 1 "x1";
    .port_info 2 /INPUT 1 "x2";
    .port_info 3 /INPUT 1 "x3";
    .port_info 4 /INPUT 1 "y0";
    .port_info 5 /INPUT 1 "y1";
    .port_info 6 /INPUT 1 "y2";
    .port_info 7 /INPUT 1 "y3";
    .port_info 8 /INPUT 1 "cin";
    .port_info 9 /OUTPUT 1 "s0";
    .port_info 10 /OUTPUT 1 "s1";
    .port_info 11 /OUTPUT 1 "s2";
    .port_info 12 /OUTPUT 1 "s3";
    .port_info 13 /OUTPUT 1 "cout";
v0x556385a30d60_0 .net "c1", 0 0, L_0x556385a35a20;  1 drivers
v0x556385a30e20_0 .net "c2", 0 0, L_0x556385a36140;  1 drivers
v0x556385a30f30_0 .net "c3", 0 0, L_0x556385a366d0;  1 drivers
L_0x7f2bec8780a8 .functor BUFT 1, C4<0>, C4<0>, C4<0>, C4<0>;
v0x556385a31020_0 .net "cin", 0 0, L_0x7f2bec8780a8;  1 drivers
v0x556385a310c0_0 .net "cout", 0 0, L_0x556385a36d40;  alias, 1 drivers
v0x556385a311b0_0 .net "s0", 0 0, L_0x556385a35450;  alias, 1 drivers
v0x556385a31250_0 .net "s1", 0 0, L_0x556385a35b00;  alias, 1 drivers
v0x556385a312f0_0 .net "s2", 0 0, L_0x556385a362c0;  alias, 1 drivers
v0x556385a313c0_0 .net "s3", 0 0, L_0x556385a369b0;  alias, 1 drivers
v0x556385a31520_0 .net "x0", 0 0, L_0x556385a33bc0;  alias, 1 drivers
v0x556385a315c0_0 .net "x1", 0 0, L_0x556385a34130;  alias, 1 drivers
v0x556385a31660_0 .net "x2", 0 0, L_0x556385a34710;  alias, 1 drivers
v0x556385a31700_0 .net "x3", 0 0, L_0x556385a34cf0;  alias, 1 drivers
L_0x7f2bec878018 .functor BUFT 1, C4<0>, C4<0>, C4<0>, C4<0>;
v0x556385a317a0_0 .net "y0", 0 0, L_0x7f2bec878018;  1 drivers
v0x556385a31870_0 .net "y1", 0 0, L_0x556385a35240;  alias, 1 drivers
v0x556385a31910_0 .net "y2", 0 0, L_0x556385a35240;  alias, 1 drivers
L_0x7f2bec878060 .functor BUFT 1, C4<0>, C4<0>, C4<0>, C4<0>;
v0x556385a319b0_0 .net "y3", 0 0, L_0x7f2bec878060;  1 drivers
S_0x556385a2de40 .scope module, "stage0" "fa" 3 18, 3 25 0, S_0x556385a2dcb0;
 .timescale -9 -9;
    .port_info 0 /INPUT 1 "a";
    .port_info 1 /INPUT 1 "b";
    .port_info 2 /INPUT 1 "cin";
    .port_info 3 /OUTPUT 1 "s";
    .port_info 4 /OUTPUT 1 "cout";
L_0x556385a35390 .functor XOR 1, L_0x556385a33bc0, L_0x7f2bec878018, C4<0>, C4<0>;
L_0x556385a35450 .functor XOR 1, L_0x556385a35390, L_0x7f2bec8780a8, C4<0>, C4<0>;
L_0x556385a355c0 .functor AND 1, L_0x556385a33bc0, L_0x7f2bec878018, C4<1>, C4<1>;
L_0x556385a35650 .functor AND 1, L_0x556385a33bc0, L_0x7f2bec8780a8, C4<1>, C4<1>;
L_0x556385a357d0 .functor OR 1, L_0x556385a355c0, L_0x556385a35650, C4<0>, C4<0>;
L_0x556385a358e0 .functor AND 1, L_0x7f2bec878018, L_0x7f2bec8780a8, C4<1>, C4<1>;
L_0x556385a35a20 .functor OR 1, L_0x556385a357d0, L_0x556385a358e0, C4<0>, C4<0>;
v0x556385a2e0d0_0 .net *"_ivl_0", 0 0, L_0x556385a35390;  1 drivers
v0x556385a2e1b0_0 .net *"_ivl_10", 0 0, L_0x556385a358e0;  1 drivers
v0x556385a2e290_0 .net *"_ivl_4", 0 0, L_0x556385a355c0;  1 drivers
v0x556385a2e380_0 .net *"_ivl_6", 0 0, L_0x556385a35650;  1 drivers
v0x556385a2e460_0 .net *"_ivl_8", 0 0, L_0x556385a357d0;  1 drivers
v0x556385a2e590_0 .net "a", 0 0, L_0x556385a33bc0;  alias, 1 drivers
v0x556385a2e680_0 .net "b", 0 0, L_0x7f2bec878018;  alias, 1 drivers
v0x556385a2e740_0 .net "cin", 0 0, L_0x7f2bec8780a8;  alias, 1 drivers
v0x556385a2e800_0 .net "cout", 0 0, L_0x556385a35a20;  alias, 1 drivers
v0x556385a2e8c0_0 .net "s", 0 0, L_0x556385a35450;  alias, 1 drivers
S_0x556385a2ea20 .scope module, "stage1" "fa" 3 19, 3 25 0, S_0x556385a2dcb0;
 .timescale -9 -9;
    .port_info 0 /INPUT 1 "a";
    .port_info 1 /INPUT 1 "b";
    .port_info 2 /INPUT 1 "cin";
    .port_info 3 /OUTPUT 1 "s";
    .port_info 4 /OUTPUT 1 "cout";
L_0x556385a35a90 .functor XOR 1, L_0x556385a34130, L_0x556385a35240, C4<0>, C4<0>;
L_0x556385a35b00 .functor XOR 1, L_0x556385a35a90, L_0x556385a35a20, C4<0>, C4<0>;
L_0x556385a35cb0 .functor AND 1, L_0x556385a34130, L_0x556385a35240, C4<1>, C4<1>;
L_0x556385a35e50 .functor AND 1, L_0x556385a34130, L_0x556385a35a20, C4<1>, C4<1>;
L_0x556385a35ec0 .functor OR 1, L_0x556385a35cb0, L_0x556385a35e50, C4<0>, C4<0>;
L_0x556385a35f80 .functor AND 1, L_0x556385a35240, L_0x556385a35a20, C4<1>, C4<1>;
L_0x556385a36140 .functor OR 1, L_0x556385a35ec0, L_0x556385a35f80, C4<0>, C4<0>;
v0x556385a2ec50_0 .net *"_ivl_0", 0 0, L_0x556385a35a90;  1 drivers
v0x556385a2ed30_0 .net *"_ivl_10", 0 0, L_0x556385a35f80;  1 drivers
v0x556385a2ee10_0 .net *"_ivl_4", 0 0, L_0x556385a35cb0;  1 drivers
v0x556385a2eed0_0 .net *"_ivl_6", 0 0, L_0x556385a35e50;  1 drivers
v0x556385a2efb0_0 .net *"_ivl_8", 0 0, L_0x556385a35ec0;  1 drivers
v0x556385a2f0e0_0 .net "a", 0 0, L_0x556385a34130;  alias, 1 drivers
v0x556385a2f1d0_0 .net "b", 0 0, L_0x556385a35240;  alias, 1 drivers
v0x556385a2f290_0 .net "cin", 0 0, L_0x556385a35a20;  alias, 1 drivers
v0x556385a2f330_0 .net "cout", 0 0, L_0x556385a36140;  alias, 1 drivers
v0x556385a2f460_0 .net "s", 0 0, L_0x556385a35b00;  alias, 1 drivers
S_0x556385a2f5c0 .scope module, "stage2" "fa" 3 20, 3 25 0, S_0x556385a2dcb0;
 .timescale -9 -9;
    .port_info 0 /INPUT 1 "a";
    .port_info 1 /INPUT 1 "b";
    .port_info 2 /INPUT 1 "cin";
    .port_info 3 /OUTPUT 1 "s";
    .port_info 4 /OUTPUT 1 "cout";
L_0x556385a36250 .functor XOR 1, L_0x556385a34710, L_0x556385a35240, C4<0>, C4<0>;
L_0x556385a362c0 .functor XOR 1, L_0x556385a36250, L_0x556385a36140, C4<0>, C4<0>;
L_0x556385a36350 .functor AND 1, L_0x556385a34710, L_0x556385a35240, C4<1>, C4<1>;
L_0x556385a364f0 .functor AND 1, L_0x556385a34710, L_0x556385a36140, C4<1>, C4<1>;
L_0x556385a36560 .functor OR 1, L_0x556385a36350, L_0x556385a364f0, C4<0>, C4<0>;
L_0x556385a36620 .functor AND 1, L_0x556385a35240, L_0x556385a36140, C4<1>, C4<1>;
L_0x556385a366d0 .functor OR 1, L_0x556385a36560, L_0x556385a36620, C4<0>, C4<0>;
v0x556385a2f800_0 .net *"_ivl_0", 0 0, L_0x556385a36250;  1 drivers
v0x556385a2f8e0_0 .net *"_ivl_10", 0 0, L_0x556385a36620;  1 drivers
v0x556385a2f9c0_0 .net *"_ivl_4", 0 0, L_0x556385a36350;  1 drivers
v0x556385a2fab0_0 .net *"_ivl_6", 0 0, L_0x556385a364f0;  1 drivers
v0x556385a2fb90_0 .net *"_ivl_8", 0 0, L_0x556385a36560;  1 drivers
v0x556385a2fcc0_0 .net "a", 0 0, L_0x556385a34710;  alias, 1 drivers
v0x556385a2fdb0_0 .net "b", 0 0, L_0x556385a35240;  alias, 1 drivers
v0x556385a2fe50_0 .net "cin", 0 0, L_0x556385a36140;  alias, 1 drivers
v0x556385a2fef0_0 .net "cout", 0 0, L_0x556385a366d0;  alias, 1 drivers
v0x556385a30020_0 .net "s", 0 0, L_0x556385a362c0;  alias, 1 drivers
S_0x556385a30190 .scope module, "stage3" "fa" 3 21, 3 25 0, S_0x556385a2dcb0;
 .timescale -9 -9;
    .port_info 0 /INPUT 1 "a";
    .port_info 1 /INPUT 1 "b";
    .port_info 2 /INPUT 1 "cin";
    .port_info 3 /OUTPUT 1 "s";
    .port_info 4 /OUTPUT 1 "cout";
L_0x556385a367e0 .functor XOR 1, L_0x556385a34cf0, L_0x7f2bec878060, C4<0>, C4<0>;
L_0x556385a369b0 .functor XOR 1, L_0x556385a367e0, L_0x556385a366d0, C4<0>, C4<0>;
L_0x556385a36a40 .functor AND 1, L_0x556385a34cf0, L_0x7f2bec878060, C4<1>, C4<1>;
L_0x556385a36ad0 .functor AND 1, L_0x556385a34cf0, L_0x556385a366d0, C4<1>, C4<1>;
L_0x556385a36b40 .functor OR 1, L_0x556385a36a40, L_0x556385a36ad0, C4<0>, C4<0>;
L_0x556385a36c00 .functor AND 1, L_0x7f2bec878060, L_0x556385a366d0, C4<1>, C4<1>;
L_0x556385a36d40 .functor OR 1, L_0x556385a36b40, L_0x556385a36c00, C4<0>, C4<0>;
v0x556385a303a0_0 .net *"_ivl_0", 0 0, L_0x556385a367e0;  1 drivers
v0x556385a304a0_0 .net *"_ivl_10", 0 0, L_0x556385a36c00;  1 drivers
v0x556385a30580_0 .net *"_ivl_4", 0 0, L_0x556385a36a40;  1 drivers
v0x556385a30670_0 .net *"_ivl_6", 0 0, L_0x556385a36ad0;  1 drivers
v0x556385a30750_0 .net *"_ivl_8", 0 0, L_0x556385a36b40;  1 drivers
v0x556385a30880_0 .net "a", 0 0, L_0x556385a34cf0;  alias, 1 drivers
v0x556385a30970_0 .net "b", 0 0, L_0x7f2bec878060;  alias, 1 drivers
v0x556385a30a30_0 .net "cin", 0 0, L_0x556385a366d0;  alias, 1 drivers
v0x556385a30ad0_0 .net "cout", 0 0, L_0x556385a36d40;  alias, 1 drivers
v0x556385a30c00_0 .net "s", 0 0, L_0x556385a369b0;  alias, 1 drivers
    .scope S_0x556385a0a0e0;
T_0 ;
    %vpi_call 2 11 "$dumpfile", "bcd_tb.vcd" {0 0 0};
    %vpi_call 2 12 "$dumpvars", 32'sb00000000000000000000000000000000, S_0x556385a0a0e0 {0 0 0};
    %pushi/vec4 0, 0, 1;
    %store/vec4 v0x556385a331f0_0, 0, 1;
    %pushi/vec4 1, 0, 1;
    %store/vec4 v0x556385a335a0_0, 0, 1;
    %pushi/vec4 1, 0, 1;
    %store/vec4 v0x556385a33640_0, 0, 1;
    %pushi/vec4 1, 0, 1;
    %store/vec4 v0x556385a336e0_0, 0, 1;
    %pushi/vec4 0, 0, 1;
    %store/vec4 v0x556385a33780_0, 0, 1;
    %pushi/vec4 0, 0, 1;
    %store/vec4 v0x556385a33820_0, 0, 1;
    %pushi/vec4 0, 0, 1;
    %store/vec4 v0x556385a338c0_0, 0, 1;
    %pushi/vec4 1, 0, 1;
    %store/vec4 v0x556385a33960_0, 0, 1;
    %pushi/vec4 0, 0, 1;
    %store/vec4 v0x556385a33a00_0, 0, 1;
    %delay 20, 0;
    %pushi/vec4 0, 0, 1;
    %store/vec4 v0x556385a331f0_0, 0, 1;
    %pushi/vec4 1, 0, 1;
    %store/vec4 v0x556385a335a0_0, 0, 1;
    %pushi/vec4 1, 0, 1;
    %store/vec4 v0x556385a33640_0, 0, 1;
    %pushi/vec4 1, 0, 1;
    %store/vec4 v0x556385a336e0_0, 0, 1;
    %pushi/vec4 0, 0, 1;
    %store/vec4 v0x556385a33780_0, 0, 1;
    %pushi/vec4 1, 0, 1;
    %store/vec4 v0x556385a33820_0, 0, 1;
    %pushi/vec4 1, 0, 1;
    %store/vec4 v0x556385a338c0_0, 0, 1;
    %pushi/vec4 1, 0, 1;
    %store/vec4 v0x556385a33960_0, 0, 1;
    %pushi/vec4 0, 0, 1;
    %store/vec4 v0x556385a33a00_0, 0, 1;
    %delay 20, 0;
    %vpi_call 2 18 "$display", "Test Complete" {0 0 0};
    %end;
    .thread T_0;
# The file index is used to find the file name in the following table.
:file_names 4;
    "N/A";
    "<interactive>";
    "bcd_tb.v";
    "./bcd.v";
