#! /usr/bin/vvp
:ivl_version "11.0 (stable)";
:ivl_delay_selection "TYPICAL";
:vpi_time_precision + 0;
:vpi_module "/usr/lib/x86_64-linux-gnu/ivl/system.vpi";
:vpi_module "/usr/lib/x86_64-linux-gnu/ivl/vhdl_sys.vpi";
:vpi_module "/usr/lib/x86_64-linux-gnu/ivl/vhdl_textio.vpi";
:vpi_module "/usr/lib/x86_64-linux-gnu/ivl/v2005_math.vpi";
:vpi_module "/usr/lib/x86_64-linux-gnu/ivl/va_math.vpi";
S_0x562a925accf0 .scope module, "q1" "q1" 2 1;
 .timescale 0 0;
    .port_info 0 /INPUT 1 "s0";
    .port_info 1 /INPUT 1 "s1";
    .port_info 2 /INPUT 1 "w0";
    .port_info 3 /INPUT 1 "w1";
    .port_info 4 /INPUT 1 "w2";
    .port_info 5 /INPUT 1 "w3";
    .port_info 6 /OUTPUT 1 "f";
v0x562a925fab80_0 .net "f", 0 0, v0x562a925fa7c0_0;  1 drivers
v0x562a925fac40_0 .net "f0", 0 0, v0x562a925ae7b0_0;  1 drivers
v0x562a925fad30_0 .net "f1", 0 0, v0x562a925fa170_0;  1 drivers
o0x7faccb0af048 .functor BUFZ 1, C4<z>; HiZ drive
v0x562a925fae20_0 .net "s0", 0 0, o0x7faccb0af048;  0 drivers
o0x7faccb0af318 .functor BUFZ 1, C4<z>; HiZ drive
v0x562a925faf10_0 .net "s1", 0 0, o0x7faccb0af318;  0 drivers
o0x7faccb0af078 .functor BUFZ 1, C4<z>; HiZ drive
v0x562a925fb000_0 .net "w0", 0 0, o0x7faccb0af078;  0 drivers
o0x7faccb0af0a8 .functor BUFZ 1, C4<z>; HiZ drive
v0x562a925fb0a0_0 .net "w1", 0 0, o0x7faccb0af0a8;  0 drivers
o0x7faccb0af1c8 .functor BUFZ 1, C4<z>; HiZ drive
v0x562a925fb140_0 .net "w2", 0 0, o0x7faccb0af1c8;  0 drivers
o0x7faccb0af1f8 .functor BUFZ 1, C4<z>; HiZ drive
v0x562a925fb210_0 .net "w3", 0 0, o0x7faccb0af1f8;  0 drivers
S_0x562a925acf30 .scope module, "stage1" "mux2" 2 4, 2 9 0, S_0x562a925accf0;
 .timescale 0 0;
    .port_info 0 /INPUT 1 "s";
    .port_info 1 /INPUT 1 "w0";
    .port_info 2 /INPUT 1 "w1";
    .port_info 3 /OUTPUT 1 "f";
v0x562a925ae7b0_0 .var "f", 0 0;
v0x562a925f9c00_0 .net "s", 0 0, o0x7faccb0af048;  alias, 0 drivers
v0x562a925f9cc0_0 .net "w0", 0 0, o0x7faccb0af078;  alias, 0 drivers
v0x562a925f9d90_0 .net "w1", 0 0, o0x7faccb0af0a8;  alias, 0 drivers
E_0x562a925e7e10 .event edge, v0x562a925f9c00_0;
S_0x562a925f9f00 .scope module, "stage2" "mux2" 2 5, 2 9 0, S_0x562a925accf0;
 .timescale 0 0;
    .port_info 0 /INPUT 1 "s";
    .port_info 1 /INPUT 1 "w0";
    .port_info 2 /INPUT 1 "w1";
    .port_info 3 /OUTPUT 1 "f";
v0x562a925fa170_0 .var "f", 0 0;
v0x562a925fa230_0 .net "s", 0 0, o0x7faccb0af048;  alias, 0 drivers
v0x562a925fa320_0 .net "w0", 0 0, o0x7faccb0af1c8;  alias, 0 drivers
v0x562a925fa3f0_0 .net "w1", 0 0, o0x7faccb0af1f8;  alias, 0 drivers
S_0x562a925fa520 .scope module, "stage3" "mux2" 2 6, 2 9 0, S_0x562a925accf0;
 .timescale 0 0;
    .port_info 0 /INPUT 1 "s";
    .port_info 1 /INPUT 1 "w0";
    .port_info 2 /INPUT 1 "w1";
    .port_info 3 /OUTPUT 1 "f";
v0x562a925fa7c0_0 .var "f", 0 0;
v0x562a925fa8a0_0 .net "s", 0 0, o0x7faccb0af318;  alias, 0 drivers
v0x562a925fa960_0 .net "w0", 0 0, v0x562a925ae7b0_0;  alias, 1 drivers
v0x562a925faa60_0 .net "w1", 0 0, v0x562a925fa170_0;  alias, 1 drivers
E_0x562a925d09b0 .event edge, v0x562a925fa8a0_0;
    .scope S_0x562a925acf30;
T_0 ;
    %wait E_0x562a925e7e10;
    %load/vec4 v0x562a925f9c00_0;
    %pad/u 32;
    %cmpi/e 0, 0, 32;
    %jmp/0xz  T_0.0, 4;
    %load/vec4 v0x562a925f9cc0_0;
    %cassign/vec4 v0x562a925ae7b0_0;
    %cassign/link v0x562a925ae7b0_0, v0x562a925f9cc0_0;
T_0.0 ;
    %load/vec4 v0x562a925f9c00_0;
    %pad/u 32;
    %cmpi/e 1, 0, 32;
    %jmp/0xz  T_0.2, 4;
    %load/vec4 v0x562a925f9d90_0;
    %cassign/vec4 v0x562a925ae7b0_0;
    %cassign/link v0x562a925ae7b0_0, v0x562a925f9d90_0;
T_0.2 ;
    %jmp T_0;
    .thread T_0, $push;
    .scope S_0x562a925f9f00;
T_1 ;
    %wait E_0x562a925e7e10;
    %load/vec4 v0x562a925fa230_0;
    %pad/u 32;
    %cmpi/e 0, 0, 32;
    %jmp/0xz  T_1.0, 4;
    %load/vec4 v0x562a925fa320_0;
    %cassign/vec4 v0x562a925fa170_0;
    %cassign/link v0x562a925fa170_0, v0x562a925fa320_0;
T_1.0 ;
    %load/vec4 v0x562a925fa230_0;
    %pad/u 32;
    %cmpi/e 1, 0, 32;
    %jmp/0xz  T_1.2, 4;
    %load/vec4 v0x562a925fa3f0_0;
    %cassign/vec4 v0x562a925fa170_0;
    %cassign/link v0x562a925fa170_0, v0x562a925fa3f0_0;
T_1.2 ;
    %jmp T_1;
    .thread T_1, $push;
    .scope S_0x562a925fa520;
T_2 ;
    %wait E_0x562a925d09b0;
    %load/vec4 v0x562a925fa8a0_0;
    %pad/u 32;
    %cmpi/e 0, 0, 32;
    %jmp/0xz  T_2.0, 4;
    %load/vec4 v0x562a925fa960_0;
    %cassign/vec4 v0x562a925fa7c0_0;
    %cassign/link v0x562a925fa7c0_0, v0x562a925fa960_0;
T_2.0 ;
    %load/vec4 v0x562a925fa8a0_0;
    %pad/u 32;
    %cmpi/e 1, 0, 32;
    %jmp/0xz  T_2.2, 4;
    %load/vec4 v0x562a925faa60_0;
    %cassign/vec4 v0x562a925fa7c0_0;
    %cassign/link v0x562a925fa7c0_0, v0x562a925faa60_0;
T_2.2 ;
    %jmp T_2;
    .thread T_2, $push;
# The file index is used to find the file name in the following table.
:file_names 3;
    "N/A";
    "<interactive>";
    "q1.v";
